<?xml version="1.0" encoding="UTF-8"?>
<!-- Generated by org.testng.reporters.JUnitXMLReporter -->
<testsuite hostname="DESKTOP-NPGS8OG" ignored="0" name="unitTest" tests="1" failures="1" timestamp="03 Aug 2017 20:04:38 GMT" time="17.765" errors="0">
  <testcase name="ApplyPromoCode" time="9.681" classname="com.automation.tests.ApplyPromoCodeTest">
    <failure type="java.lang.NumberFormatException" message="For input string: &amp;quot;[Ljava.lang.String;@626abbd0&amp;quot;">
      <![CDATA[java.lang.NumberFormatException: For input string: "[Ljava.lang.String;@626abbd0"
	at sun.misc.FloatingDecimal.readJavaFormatString(Unknown Source)
	at sun.misc.FloatingDecimal.parseDouble(Unknown Source)
	at java.lang.Double.parseDouble(Unknown Source)
	at com.automation.objects.CheckoutPage.applyPromoCode(CheckoutPage.java:198)
	at com.automation.tests.ApplyPromoCodeTest.ApplyPromoCode(ApplyPromoCodeTest.java:28)
... Removed 25 stack frames]]>
    </failure>
  </testcase> <!-- ApplyPromoCode -->
</testsuite> <!-- unitTest -->
