<?xml version="1.0" encoding="UTF-8"?>
<testng-results skipped="0" failed="0" ignored="0" total="1" passed="1">
  <reporter-output>
  </reporter-output>
  <suite name="unitTest" duration-ms="28442" started-at="2017-07-26T21:22:34Z" finished-at="2017-07-26T21:23:03Z">
    <groups>
    </groups>
    <test name="unitTest" duration-ms="28442" started-at="2017-07-26T21:22:34Z" finished-at="2017-07-26T21:23:03Z">
      <class name="com.automation.tests.PlaceOrderAsGuestTest">
        <test-method status="PASS" signature="setUp(java.lang.String)[pri:0, instance:com.automation.tests.PlaceOrderAsGuestTest@42d80b78]" name="setUp" is-config="true" duration-ms="7747" started-at="2017-07-27T00:22:34Z" finished-at="2017-07-27T00:22:42Z">
          <params>
            <param index="0">
              <value>
                <![CDATA[diablos.esteinlucru.ro]]>
              </value>
            </param>
          </params>
          <reporter-output>
          </reporter-output>
        </test-method> <!-- setUp -->
        <test-method status="PASS" signature="placeOrderAsGuest()[pri:0, instance:com.automation.tests.PlaceOrderAsGuestTest@42d80b78]" name="placeOrderAsGuest" duration-ms="19797" started-at="2017-07-27T00:22:42Z" finished-at="2017-07-27T00:23:02Z">
          <reporter-output>
          </reporter-output>
        </test-method> <!-- placeOrderAsGuest -->
        <test-method status="PASS" signature="TearDown(org.testng.ITestResult, java.lang.String)[pri:0, instance:com.automation.tests.PlaceOrderAsGuestTest@42d80b78]" name="TearDown" is-config="true" duration-ms="882" started-at="2017-07-27T00:23:02Z" finished-at="2017-07-27T00:23:03Z">
          <params>
            <param index="0">
              <value>
                <![CDATA[[TestResult name=placeOrderAsGuest status=SUCCESS method=PlaceOrderAsGuestTest.placeOrderAsGuest()[pri:0, instance:com.automation.tests.PlaceOrderAsGuestTest@42d80b78] output={null}]]]>
              </value>
            </param>
            <param index="1">
              <value>
                <![CDATA[diablos.esteinlucru.ro]]>
              </value>
            </param>
          </params>
          <reporter-output>
          </reporter-output>
        </test-method> <!-- TearDown -->
      </class> <!-- com.automation.tests.PlaceOrderAsGuestTest -->
    </test> <!-- unitTest -->
  </suite> <!-- unitTest -->
</testng-results>
